Mono path[0] = 'D:/下載/compress/Maid.Harem.With.Futa/Maid.Harem.With.Futa/game/Maid Harem With Futa_Data/Managed'
Mono config path = 'D:/下載/compress/Maid.Harem.With.Futa/Maid.Harem.With.Futa/game/MonoBleedingEdge/etc'
Initialize engine version: 2019.4.31f1 (bd5abf232a62)
[Subsystems] Discovering subsystems at path D:/下載/compress/Maid.Harem.With.Futa/Maid.Harem.With.Futa/game/Maid Harem With Futa_Data/UnitySubsystems
GfxDevice: creating device client; threaded=1
Direct3D:
    Version:  Direct3D 11.0 [level 11.1]
    Renderer: NVIDIA GeForce GTX 1080 (ID=0x1b80)
    Vendor:   (null)
    VRAM:     3072 MB
    Driver:   32.0.15.6094
Begin MonoManager ReloadAssembly
- Completed reload, in  6.648 seconds
<RI> Initializing input.
<RI> Input initialized.
<RI> Initialized touch support.
UnloadTime: 1.097000 ms
The referenced script on this Behaviour (Game Object 'Image') is missing! 
(Filename:  Line: 334)

The referenced script on this Behaviour (Game Object 'SkipButton') is missing! 
(Filename:  Line: 334)

The referenced script on this Behaviour (Game Object 'Text') is missing! 
(Filename:  Line: 334)

The referenced script on this Behaviour (Game Object 'RestoreIAP') is missing! 
(Filename:  Line: 334)

The referenced script on this Behaviour (Game Object 'Text') is missing! 
(Filename:  Line: 334)

The referenced script on this Behaviour (Game Object 'Text') is missing! 
(Filename:  Line: 334)

The referenced script on this Behaviour (Game Object 'Asignment') is missing! 
(Filename:  Line: 334)

The referenced script on this Behaviour (Game Object 'GameOver') is missing! 
(Filename:  Line: 334)

The referenced script on this Behaviour (Game Object 'NoAds') is missing! 
(Filename:  Line: 334)

The referenced script on this Behaviour (Game Object 'RestartText') is missing! 
(Filename:  Line: 334)

The referenced script on this Behaviour (Game Object 'Text') is missing! 
(Filename:  Line: 334)

The referenced script on this Behaviour (Game Object 'Share') is missing! 
(Filename:  Line: 334)

The referenced script on this Behaviour (Game Object 'Image') is missing! 
(Filename:  Line: 334)

The referenced script on this Behaviour (Game Object 'Image') is missing! 
(Filename:  Line: 334)

The referenced script on this Behaviour (Game Object 'WatchAds') is missing! 
(Filename:  Line: 334)

The referenced script on this Behaviour (Game Object 'Buy') is missing! 
(Filename:  Line: 334)

The referenced script on this Behaviour (Game Object 'GameSelector') is missing! 
(Filename:  Line: 334)

The referenced script on this Behaviour (Game Object 'Image') is missing! 
(Filename:  Line: 334)

The referenced script on this Behaviour (Game Object 'Sfx') is missing! 
(Filename:  Line: 334)

The referenced script on this Behaviour (Game Object 'RestartButton') is missing! 
(Filename:  Line: 334)

The referenced script on this Behaviour (Game Object 'Text') is missing! 
(Filename:  Line: 334)

The referenced script on this Behaviour (Game Object 'Image') is missing! 
(Filename:  Line: 334)

The referenced script on this Behaviour (Game Object 'Label') is missing! 
(Filename:  Line: 334)

The referenced script on this Behaviour (Game Object 'Value') is missing! 
(Filename:  Line: 334)

The referenced script on this Behaviour (Game Object 'Ads') is missing! 
(Filename:  Line: 334)

The referenced script on this Behaviour (Game Object 'Play') is missing! 
(Filename:  Line: 334)

The referenced script on this Behaviour (Game Object 'Text') is missing! 
(Filename:  Line: 334)

The referenced script on this Behaviour (Game Object 'ThemeToggle') is missing! 
(Filename:  Line: 334)

The referenced script on this Behaviour (Game Object 'RestartButton') is missing! 
(Filename:  Line: 334)

The referenced script on this Behaviour (Game Object 'Text') is missing! 
(Filename:  Line: 334)

The referenced script on this Behaviour (Game Object 'Text') is missing! 
(Filename:  Line: 334)

The referenced script on this Behaviour (Game Object 'Image') is missing! 
(Filename:  Line: 334)

The referenced script on this Behaviour (Game Object 'Image') is missing! 
(Filename:  Line: 334)

The referenced script on this Behaviour (Game Object 'Close') is missing! 
(Filename:  Line: 334)

The referenced script on this Behaviour (Game Object 'Lock') is missing! 
(Filename:  Line: 334)

The referenced script on this Behaviour (Game Object 'WatchAds') is missing! 
(Filename:  Line: 334)

The referenced script on this Behaviour (Game Object 'BoostersPanel') is missing! 
(Filename:  Line: 334)

The referenced script on this Behaviour (Game Object 'MonetizeButton') is missing! 
(Filename:  Line: 334)

The referenced script on this Behaviour (Game Object 'GetCoins') is missing! 
(Filename:  Line: 334)

The referenced script on this Behaviour (Game Object 'Text') is missing! 
(Filename:  Line: 334)

The referenced script on this Behaviour (Game Object 'Text') is missing! 
(Filename:  Line: 334)

The referenced script on this Behaviour (Game Object 'Image') is missing! 
(Filename:  Line: 334)

The referenced script on this Behaviour (Game Object 'Prev') is missing! 
(Filename:  Line: 334)

The referenced script on this Behaviour (Game Object 'Text') is missing! 
(Filename:  Line: 334)

The referenced script on this Behaviour (Game Object 'Share') is missing! 
(Filename:  Line: 334)

The referenced script on this Behaviour (Game Object 'Rate') is missing! 
(Filename:  Line: 334)

The referenced script on this Behaviour (Game Object 'WatchAds') is missing! 
(Filename:  Line: 334)

The referenced script on this Behaviour (Game Object 'Buy') is missing! 
(Filename:  Line: 334)

The referenced script on this Behaviour (Game Object 'ThemePanel') is missing! 
(Filename:  Line: 334)

The referenced script on this Behaviour (Game Object 'Label') is missing! 
(Filename:  Line: 334)

The referenced script on this Behaviour (Game Object 'Text') is missing! 
(Filename:  Line: 334)

The referenced script on this Behaviour (Game Object 'Play') is missing! 
(Filename:  Line: 334)

The referenced script on this Behaviour (Game Object 'Price') is missing! 
(Filename:  Line: 334)

The referenced script on this Behaviour (Game Object 'Image') is missing! 
(Filename:  Line: 334)

The referenced script on this Behaviour (Game Object 'Sound') is missing! 
(Filename:  Line: 334)

The referenced script on this Behaviour (Game Object 'RestartButton') is missing! 
(Filename:  Line: 334)

The referenced script on this Behaviour (Game Object 'Description') is missing! 
(Filename:  Line: 334)

The referenced script on this Behaviour (Game Object 'Image') is missing! 
(Filename:  Line: 334)

The referenced script on this Behaviour (Game Object 'GetCoins') is missing! 
(Filename:  Line: 334)

The referenced script on this Behaviour (Game Object 'MonetizeButton') is missing! 
(Filename:  Line: 334)

The referenced script on this Behaviour (Game Object 'Value') is missing! 
(Filename:  Line: 334)

The referenced script on this Behaviour (Game Object 'Image') is missing! 
(Filename:  Line: 334)

The referenced script on this Behaviour (Game Object 'Lock') is missing! 
(Filename:  Line: 334)

The referenced script on this Behaviour (Game Object 'RestartButton (1)') is missing! 
(Filename:  Line: 334)

The referenced script on this Behaviour (Game Object 'Text') is missing! 
(Filename:  Line: 334)

The referenced script on this Behaviour (Game Object 'Value') is missing! 
(Filename:  Line: 334)

The referenced script on this Behaviour (Game Object 'Image') is missing! 
(Filename:  Line: 334)

The referenced script on this Behaviour (Game Object 'RestartButton') is missing! 
(Filename:  Line: 334)

The referenced script on this Behaviour (Game Object 'LastChanceText') is missing! 
(Filename:  Line: 334)

The referenced script on this Behaviour (Game Object 'Text') is missing! 
(Filename:  Line: 334)

The referenced script on this Behaviour (Game Object 'Text') is missing! 
(Filename:  Line: 334)

The referenced script on this Behaviour (Game Object 'Rate') is missing! 
(Filename:  Line: 334)

The referenced script on this Behaviour (Game Object 'OptionsPanel') is missing! 
(Filename:  Line: 334)

The referenced script on this Behaviour (Game Object 'RestartButton') is missing! 
(Filename:  Line: 334)

The referenced script on this Behaviour (Game Object 'RestartButton') is missing! 
(Filename:  Line: 334)

The referenced script on this Behaviour (Game Object 'Next') is missing! 
(Filename:  Line: 334)

The referenced script on this Behaviour (Game Object 'MonetizeButton') is missing! 
(Filename:  Line: 334)

The referenced script on this Behaviour (Game Object 'GetCoins') is missing! 
(Filename:  Line: 334)

The referenced script on this Behaviour (Game Object 'Image') is missing! 
(Filename:  Line: 334)

The referenced script on this Behaviour (Game Object 'Price') is missing! 
(Filename:  Line: 334)

The referenced script on this Behaviour (Game Object 'Image') is missing! 
(Filename:  Line: 334)

The referenced script on this Behaviour (Game Object 'Value') is missing! 
(Filename:  Line: 334)

The referenced script on this Behaviour (Game Object 'Ads') is missing! 
(Filename:  Line: 334)

The referenced script on this Behaviour (Game Object 'Image') is missing! 
(Filename:  Line: 334)

The referenced script on this Behaviour (Game Object 'Text') is missing! 
(Filename:  Line: 334)

The referenced script on this Behaviour (Game Object 'Buy') is missing! 
(Filename:  Line: 334)

The referenced script on this Behaviour (Game Object 'WatchAds') is missing! 
(Filename:  Line: 334)

The referenced script on this Behaviour (Game Object 'Text') is missing! 
(Filename:  Line: 334)

The referenced script on this Behaviour (Game Object 'Label') is missing! 
(Filename:  Line: 334)

The referenced script on this Behaviour (Game Object 'Count') is missing! 
(Filename:  Line: 334)

The referenced script on this Behaviour (Game Object 'OptionsToggle') is missing! 
(Filename:  Line: 334)

The referenced script on this Behaviour (Game Object 'Image') is missing! 
(Filename:  Line: 334)

DontDestroyOnLoad only works for root GameObjects or components on root GameObjects. 
(Filename:  Line: 606)

Unloading 5 Unused Serialized files (Serialized files now loaded: 0)

Unloading 104 unused Assets to reduce memory usage. Loaded Objects now: 18159.
Total: 61.199400 ms (FindLiveObjects: 1.043600 ms CreateObjectMapping: 0.468900 ms MarkObjects: 59.604300 ms  DeleteObjects: 0.081900 ms)

Unloading 1 Unused Serialized files (Serialized files now loaded: 0)

Unloading 3 unused Assets to reduce memory usage. Loaded Objects now: 18164.
Total: 61.529900 ms (FindLiveObjects: 0.979100 ms CreateObjectMapping: 0.369600 ms MarkObjects: 60.128400 ms  DeleteObjects: 0.052100 ms)

Unloading 0 Unused Serialized files (Serialized files now loaded: 0)

Unloading 0 unused Assets to reduce memory usage. Loaded Objects now: 18124.
Total: 48.765100 ms (FindLiveObjects: 0.850000 ms CreateObjectMapping: 0.348600 ms MarkObjects: 47.548300 ms  DeleteObjects: 0.017700 ms)

Unloading 0 Unused Serialized files (Serialized files now loaded: 0)

Unloading 0 unused Assets to reduce memory usage. Loaded Objects now: 18124.
Total: 47.772600 ms (FindLiveObjects: 0.756800 ms CreateObjectMapping: 0.373600 ms MarkObjects: 46.622400 ms  DeleteObjects: 0.019200 ms)

Unloading 1 Unused Serialized files (Serialized files now loaded: 0)

Unloading 0 unused Assets to reduce memory usage. Loaded Objects now: 18204.
Total: 65.218600 ms (FindLiveObjects: 0.990400 ms CreateObjectMapping: 0.371000 ms MarkObjects: 63.836000 ms  DeleteObjects: 0.020400 ms)

Unloading 0 Unused Serialized files (Serialized files now loaded: 0)

Unloading 0 unused Assets to reduce memory usage. Loaded Objects now: 18204.
Total: 62.618100 ms (FindLiveObjects: 0.907700 ms CreateObjectMapping: 0.356200 ms MarkObjects: 61.333500 ms  DeleteObjects: 0.020000 ms)

Unloading 0 Unused Serialized files (Serialized files now loaded: 0)

Unloading 0 unused Assets to reduce memory usage. Loaded Objects now: 18205.
Total: 64.189400 ms (FindLiveObjects: 0.958700 ms CreateObjectMapping: 0.382600 ms MarkObjects: 62.828800 ms  DeleteObjects: 0.018500 ms)

Unloading 1 Unused Serialized files (Serialized files now loaded: 0)

Unloading 3 unused Assets to reduce memory usage. Loaded Objects now: 18204.
Total: 66.298300 ms (FindLiveObjects: 1.029800 ms CreateObjectMapping: 0.372900 ms MarkObjects: 64.837300 ms  DeleteObjects: 0.057600 ms)

Unloading 1 Unused Serialized files (Serialized files now loaded: 0)

Unloading 1 unused Assets to reduce memory usage. Loaded Objects now: 18219.
Total: 61.849300 ms (FindLiveObjects: 0.968000 ms CreateObjectMapping: 0.370000 ms MarkObjects: 60.479000 ms  DeleteObjects: 0.031200 ms)

Unloading 1 Unused Serialized files (Serialized files now loaded: 0)

Unloading 5 unused Assets to reduce memory usage. Loaded Objects now: 18738.
Total: 64.790100 ms (FindLiveObjects: 1.000500 ms CreateObjectMapping: 0.382600 ms MarkObjects: 63.367700 ms  DeleteObjects: 0.038700 ms)

Unloading 1 Unused Serialized files (Serialized files now loaded: 0)

Unloading 30 unused Assets to reduce memory usage. Loaded Objects now: 20741.
Total: 71.112000 ms (FindLiveObjects: 1.383600 ms CreateObjectMapping: 0.386000 ms MarkObjects: 69.265300 ms  DeleteObjects: 0.076300 ms)

Unloading 1 Unused Serialized files (Serialized files now loaded: 0)

Unloading 19 unused Assets to reduce memory usage. Loaded Objects now: 20769.
Total: 75.839300 ms (FindLiveObjects: 1.304900 ms CreateObjectMapping: 0.439800 ms MarkObjects: 74.006800 ms  DeleteObjects: 0.087100 ms)

Unloading 1 Unused Serialized files (Serialized files now loaded: 0)

Unloading 2 unused Assets to reduce memory usage. Loaded Objects now: 20796.
Total: 71.865900 ms (FindLiveObjects: 1.144700 ms CreateObjectMapping: 0.385600 ms MarkObjects: 70.279400 ms  DeleteObjects: 0.055500 ms)

Unloading 1 Unused Serialized files (Serialized files now loaded: 0)

Unloading 17 unused Assets to reduce memory usage. Loaded Objects now: 20806.
Total: 74.369600 ms (FindLiveObjects: 1.140900 ms CreateObjectMapping: 0.387900 ms MarkObjects: 72.777900 ms  DeleteObjects: 0.062300 ms)

Unloading 1 Unused Serialized files (Serialized files now loaded: 0)

Unloading 2 unused Assets to reduce memory usage. Loaded Objects now: 20862.
Total: 70.057100 ms (FindLiveObjects: 1.127000 ms CreateObjectMapping: 0.384500 ms MarkObjects: 68.500600 ms  DeleteObjects: 0.044000 ms)

Unloading 1 Unused Serialized files (Serialized files now loaded: 0)

Unloading 19 unused Assets to reduce memory usage. Loaded Objects now: 20875.
Total: 70.153700 ms (FindLiveObjects: 1.140000 ms CreateObjectMapping: 0.399100 ms MarkObjects: 68.556200 ms  DeleteObjects: 0.057600 ms)

Unloading 1 Unused Serialized files (Serialized files now loaded: 0)

Unloading 2 unused Assets to reduce memory usage. Loaded Objects now: 20861.
Total: 74.381500 ms (FindLiveObjects: 1.132400 ms CreateObjectMapping: 0.384500 ms MarkObjects: 72.825800 ms  DeleteObjects: 0.037700 ms)

Unloading 1 Unused Serialized files (Serialized files now loaded: 0)

Unloading 19 unused Assets to reduce memory usage. Loaded Objects now: 20874.
Total: 71.187000 ms (FindLiveObjects: 1.155900 ms CreateObjectMapping: 0.395500 ms MarkObjects: 69.576300 ms  DeleteObjects: 0.058600 ms)

Unloading 1 Unused Serialized files (Serialized files now loaded: 0)

Unloading 5 unused Assets to reduce memory usage. Loaded Objects now: 20896.
Total: 72.251700 ms (FindLiveObjects: 1.142500 ms CreateObjectMapping: 0.410700 ms MarkObjects: 70.649900 ms  DeleteObjects: 0.048000 ms)

Unloading 1 Unused Serialized files (Serialized files now loaded: 0)

Unloading 20 unused Assets to reduce memory usage. Loaded Objects now: 20906.
Total: 72.678700 ms (FindLiveObjects: 1.106900 ms CreateObjectMapping: 0.391600 ms MarkObjects: 71.111500 ms  DeleteObjects: 0.067600 ms)

Unloading 1 Unused Serialized files (Serialized files now loaded: 0)

Unloading 3 unused Assets to reduce memory usage. Loaded Objects now: 20932.
Total: 81.688600 ms (FindLiveObjects: 1.232700 ms CreateObjectMapping: 0.497300 ms MarkObjects: 79.877600 ms  DeleteObjects: 0.080200 ms)

Unloading 1 Unused Serialized files (Serialized files now loaded: 0)

Unloading 19 unused Assets to reduce memory usage. Loaded Objects now: 20942.
Total: 74.780900 ms (FindLiveObjects: 1.145300 ms CreateObjectMapping: 0.388300 ms MarkObjects: 73.184200 ms  DeleteObjects: 0.062400 ms)

Unloading 1 Unused Serialized files (Serialized files now loaded: 0)

Unloading 3 unused Assets to reduce memory usage. Loaded Objects now: 20965.
Total: 71.147100 ms (FindLiveObjects: 1.133300 ms CreateObjectMapping: 0.392800 ms MarkObjects: 69.582700 ms  DeleteObjects: 0.037600 ms)

Unloading 1 Unused Serialized files (Serialized files now loaded: 0)

Unloading 20 unused Assets to reduce memory usage. Loaded Objects now: 20976.
Total: 74.939200 ms (FindLiveObjects: 1.141300 ms CreateObjectMapping: 0.388000 ms MarkObjects: 73.349400 ms  DeleteObjects: 0.059700 ms)

Unloading 1 Unused Serialized files (Serialized files now loaded: 0)

Unloading 3 unused Assets to reduce memory usage. Loaded Objects now: 20999.
Total: 74.700200 ms (FindLiveObjects: 1.121100 ms CreateObjectMapping: 0.385800 ms MarkObjects: 73.153800 ms  DeleteObjects: 0.038600 ms)

Unloading 1 Unused Serialized files (Serialized files now loaded: 0)

Unloading 20 unused Assets to reduce memory usage. Loaded Objects now: 21010.
Total: 77.196000 ms (FindLiveObjects: 1.196500 ms CreateObjectMapping: 0.421800 ms MarkObjects: 75.505300 ms  DeleteObjects: 0.071600 ms)

Unloading 1 Unused Serialized files (Serialized files now loaded: 0)

Unloading 3 unused Assets to reduce memory usage. Loaded Objects now: 21033.
Total: 85.886200 ms (FindLiveObjects: 1.147900 ms CreateObjectMapping: 0.401200 ms MarkObjects: 84.288500 ms  DeleteObjects: 0.047800 ms)

Unloading 1 Unused Serialized files (Serialized files now loaded: 0)

Unloading 21 unused Assets to reduce memory usage. Loaded Objects now: 21045.
Total: 85.545200 ms (FindLiveObjects: 1.187100 ms CreateObjectMapping: 0.397100 ms MarkObjects: 83.859000 ms  DeleteObjects: 0.100600 ms)

Unloading 1 Unused Serialized files (Serialized files now loaded: 0)

Unloading 2 unused Assets to reduce memory usage. Loaded Objects now: 21066.
Total: 74.801900 ms (FindLiveObjects: 1.328900 ms CreateObjectMapping: 0.387300 ms MarkObjects: 73.047100 ms  DeleteObjects: 0.037900 ms)

Unloading 1 Unused Serialized files (Serialized files now loaded: 0)

Unloading 20 unused Assets to reduce memory usage. Loaded Objects now: 21078.
Total: 78.100500 ms (FindLiveObjects: 1.161200 ms CreateObjectMapping: 0.396100 ms MarkObjects: 76.470600 ms  DeleteObjects: 0.071900 ms)

Unloading 1 Unused Serialized files (Serialized files now loaded: 0)

Unloading 2 unused Assets to reduce memory usage. Loaded Objects now: 21104.
Total: 77.492800 ms (FindLiveObjects: 1.149100 ms CreateObjectMapping: 0.383900 ms MarkObjects: 75.919400 ms  DeleteObjects: 0.039500 ms)

Unloading 1 Unused Serialized files (Serialized files now loaded: 0)

Unloading 17 unused Assets to reduce memory usage. Loaded Objects now: 21110.
Total: 75.210200 ms (FindLiveObjects: 1.141300 ms CreateObjectMapping: 0.395800 ms MarkObjects: 73.613300 ms  DeleteObjects: 0.059200 ms)

Unloading 1 Unused Serialized files (Serialized files now loaded: 0)

Unloading 10 unused Assets to reduce memory usage. Loaded Objects now: 22254.
Total: 78.802100 ms (FindLiveObjects: 1.415000 ms CreateObjectMapping: 0.435000 ms MarkObjects: 76.896600 ms  DeleteObjects: 0.054900 ms)

Unloading 1 Unused Serialized files (Serialized files now loaded: 0)

Unloading 7 unused Assets to reduce memory usage. Loaded Objects now: 29334.
Total: 92.386100 ms (FindLiveObjects: 1.627000 ms CreateObjectMapping: 0.704600 ms MarkObjects: 89.947400 ms  DeleteObjects: 0.106300 ms)

Unloading 1 Unused Serialized files (Serialized files now loaded: 0)

Unloading 0 unused Assets to reduce memory usage. Loaded Objects now: 29334.
Total: 98.809000 ms (FindLiveObjects: 1.640800 ms CreateObjectMapping: 0.492400 ms MarkObjects: 96.640200 ms  DeleteObjects: 0.034800 ms)

Unloading 1 Unused Serialized files (Serialized files now loaded: 0)

Unloading 0 unused Assets to reduce memory usage. Loaded Objects now: 29333.
Total: 94.784100 ms (FindLiveObjects: 1.604300 ms CreateObjectMapping: 0.502700 ms MarkObjects: 92.646600 ms  DeleteObjects: 0.029600 ms)

Unloading 1 Unused Serialized files (Serialized files now loaded: 0)

Unloading 1 unused Assets to reduce memory usage. Loaded Objects now: 29346.
Total: 94.850100 ms (FindLiveObjects: 1.607200 ms CreateObjectMapping: 0.503700 ms MarkObjects: 92.686500 ms  DeleteObjects: 0.052000 ms)

Unloading 1 Unused Serialized files (Serialized files now loaded: 0)

Unloading 5 unused Assets to reduce memory usage. Loaded Objects now: 29614.
Total: 93.639800 ms (FindLiveObjects: 1.686200 ms CreateObjectMapping: 0.491000 ms MarkObjects: 91.410800 ms  DeleteObjects: 0.051000 ms)

Unloading 1 Unused Serialized files (Serialized files now loaded: 0)

Unloading 14 unused Assets to reduce memory usage. Loaded Objects now: 29339.
Total: 95.577500 ms (FindLiveObjects: 1.695800 ms CreateObjectMapping: 0.491200 ms MarkObjects: 93.268400 ms  DeleteObjects: 0.121200 ms)

Unloading 1 Unused Serialized files (Serialized files now loaded: 0)

Unloading 0 unused Assets to reduce memory usage. Loaded Objects now: 29339.
Total: 92.346400 ms (FindLiveObjects: 1.655100 ms CreateObjectMapping: 0.495700 ms MarkObjects: 90.166900 ms  DeleteObjects: 0.028100 ms)

Unloading 1 Unused Serialized files (Serialized files now loaded: 0)

Unloading 1 unused Assets to reduce memory usage. Loaded Objects now: 29337.
Total: 92.766800 ms (FindLiveObjects: 1.673100 ms CreateObjectMapping: 0.499000 ms MarkObjects: 90.538000 ms  DeleteObjects: 0.056000 ms)

Unloading 1 Unused Serialized files (Serialized files now loaded: 0)

Unloading 1 unused Assets to reduce memory usage. Loaded Objects now: 29350.
Total: 97.029200 ms (FindLiveObjects: 1.756300 ms CreateObjectMapping: 0.509400 ms MarkObjects: 94.720400 ms  DeleteObjects: 0.042400 ms)

Unloading 1 Unused Serialized files (Serialized files now loaded: 0)

Unloading 5 unused Assets to reduce memory usage. Loaded Objects now: 29338.
Total: 92.183200 ms (FindLiveObjects: 1.545500 ms CreateObjectMapping: 0.495200 ms MarkObjects: 90.043700 ms  DeleteObjects: 0.098200 ms)

Unloading 1 Unused Serialized files (Serialized files now loaded: 0)

Unloading 0 unused Assets to reduce memory usage. Loaded Objects now: 29338.
Total: 92.288800 ms (FindLiveObjects: 1.711600 ms CreateObjectMapping: 0.479000 ms MarkObjects: 90.047700 ms  DeleteObjects: 0.049700 ms)

Unloading 0 Unused Serialized files (Serialized files now loaded: 0)

Unloading 0 unused Assets to reduce memory usage. Loaded Objects now: 29337.
Total: 92.388800 ms (FindLiveObjects: 1.726000 ms CreateObjectMapping: 0.496400 ms MarkObjects: 90.137400 ms  DeleteObjects: 0.028400 ms)

Unloading 1 Unused Serialized files (Serialized files now loaded: 0)

Unloading 0 unused Assets to reduce memory usage. Loaded Objects now: 29338.
Total: 95.143800 ms (FindLiveObjects: 1.689000 ms CreateObjectMapping: 0.487500 ms MarkObjects: 92.937800 ms  DeleteObjects: 0.028800 ms)

Unloading 1 Unused Serialized files (Serialized files now loaded: 0)

Unloading 0 unused Assets to reduce memory usage. Loaded Objects now: 29337.
Total: 98.218200 ms (FindLiveObjects: 1.690800 ms CreateObjectMapping: 0.492700 ms MarkObjects: 95.985000 ms  DeleteObjects: 0.049100 ms)

Unloading 1 Unused Serialized files (Serialized files now loaded: 0)

Unloading 1 unused Assets to reduce memory usage. Loaded Objects now: 29350.
Total: 95.263400 ms (FindLiveObjects: 1.656200 ms CreateObjectMapping: 0.491900 ms MarkObjects: 93.034200 ms  DeleteObjects: 0.052900 ms)

Unloading 1 Unused Serialized files (Serialized files now loaded: 0)

Unloading 5 unused Assets to reduce memory usage. Loaded Objects now: 29334.
Total: 92.742500 ms (FindLiveObjects: 1.603800 ms CreateObjectMapping: 0.487000 ms MarkObjects: 90.554900 ms  DeleteObjects: 0.096200 ms)

Unloading 1 Unused Serialized files (Serialized files now loaded: 0)

Unloading 0 unused Assets to reduce memory usage. Loaded Objects now: 29334.
Total: 94.351100 ms (FindLiveObjects: 1.694900 ms CreateObjectMapping: 0.511700 ms MarkObjects: 92.113500 ms  DeleteObjects: 0.030000 ms)

Unloading 0 Unused Serialized files (Serialized files now loaded: 0)

Unloading 0 unused Assets to reduce memory usage. Loaded Objects now: 29333.
Total: 95.347500 ms (FindLiveObjects: 1.728800 ms CreateObjectMapping: 0.499700 ms MarkObjects: 93.089300 ms  DeleteObjects: 0.029100 ms)

Unloading 1 Unused Serialized files (Serialized files now loaded: 0)

Unloading 0 unused Assets to reduce memory usage. Loaded Objects now: 29334.
Total: 96.489400 ms (FindLiveObjects: 1.841700 ms CreateObjectMapping: 0.610900 ms MarkObjects: 94.006200 ms  DeleteObjects: 0.029900 ms)

Unloading 1 Unused Serialized files (Serialized files now loaded: 0)

Unloading 0 unused Assets to reduce memory usage. Loaded Objects now: 29333.
Total: 92.239800 ms (FindLiveObjects: 1.705700 ms CreateObjectMapping: 0.499500 ms MarkObjects: 89.984200 ms  DeleteObjects: 0.049500 ms)

Unloading 1 Unused Serialized files (Serialized files now loaded: 0)

Unloading 1 unused Assets to reduce memory usage. Loaded Objects now: 29346.
Total: 92.258600 ms (FindLiveObjects: 1.656000 ms CreateObjectMapping: 0.493200 ms MarkObjects: 90.067400 ms  DeleteObjects: 0.041300 ms)

Unloading 1 Unused Serialized files (Serialized files now loaded: 0)

Unloading 3 unused Assets to reduce memory usage. Loaded Objects now: 29646.
Total: 96.472400 ms (FindLiveObjects: 1.707700 ms CreateObjectMapping: 0.485400 ms MarkObjects: 94.234700 ms  DeleteObjects: 0.043800 ms)

Unloading 1 Unused Serialized files (Serialized files now loaded: 0)

Unloading 20 unused Assets to reduce memory usage. Loaded Objects now: 29658.
Total: 100.220600 ms (FindLiveObjects: 1.921300 ms CreateObjectMapping: 0.492500 ms MarkObjects: 97.738600 ms  DeleteObjects: 0.067500 ms)

Unloading 1 Unused Serialized files (Serialized files now loaded: 0)

Unloading 17 unused Assets to reduce memory usage. Loaded Objects now: 29681.
Total: 103.658400 ms (FindLiveObjects: 1.792200 ms CreateObjectMapping: 0.516100 ms MarkObjects: 101.276400 ms  DeleteObjects: 0.072700 ms)

Unloading 1 Unused Serialized files (Serialized files now loaded: 0)

Unloading 1 unused Assets to reduce memory usage. Loaded Objects now: 29667.
Total: 101.803700 ms (FindLiveObjects: 1.698300 ms CreateObjectMapping: 0.512800 ms MarkObjects: 99.543400 ms  DeleteObjects: 0.048000 ms)

Unloading 1 Unused Serialized files (Serialized files now loaded: 0)

Unloading 18 unused Assets to reduce memory usage. Loaded Objects now: 29676.
Total: 98.850300 ms (FindLiveObjects: 1.733300 ms CreateObjectMapping: 0.493700 ms MarkObjects: 96.560100 ms  DeleteObjects: 0.062600 ms)

Unloading 1 Unused Serialized files (Serialized files now loaded: 0)

Unloading 5 unused Assets to reduce memory usage. Loaded Objects now: 29667.
Total: 104.912100 ms (FindLiveObjects: 1.785200 ms CreateObjectMapping: 0.584300 ms MarkObjects: 102.491600 ms  DeleteObjects: 0.050100 ms)

Unloading 1 Unused Serialized files (Serialized files now loaded: 0)

Unloading 18 unused Assets to reduce memory usage. Loaded Objects now: 29676.
Total: 101.374500 ms (FindLiveObjects: 1.720800 ms CreateObjectMapping: 0.504100 ms MarkObjects: 99.084900 ms  DeleteObjects: 0.063600 ms)

Unloading 1 Unused Serialized files (Serialized files now loaded: 0)

Unloading 0 unused Assets to reduce memory usage. Loaded Objects now: 29667.
Total: 100.408200 ms (FindLiveObjects: 1.810300 ms CreateObjectMapping: 0.482000 ms MarkObjects: 98.086600 ms  DeleteObjects: 0.028600 ms)

Unloading 1 Unused Serialized files (Serialized files now loaded: 0)

Unloading 17 unused Assets to reduce memory usage. Loaded Objects now: 29677.
Total: 105.358600 ms (FindLiveObjects: 1.711300 ms CreateObjectMapping: 0.489800 ms MarkObjects: 103.089100 ms  DeleteObjects: 0.067700 ms)

Unloading 1 Unused Serialized files (Serialized files now loaded: 0)

Unloading 1 unused Assets to reduce memory usage. Loaded Objects now: 29668.
Total: 104.624900 ms (FindLiveObjects: 1.713600 ms CreateObjectMapping: 0.502900 ms MarkObjects: 102.363900 ms  DeleteObjects: 0.043900 ms)

Unloading 1 Unused Serialized files (Serialized files now loaded: 0)

Unloading 17 unused Assets to reduce memory usage. Loaded Objects now: 29676.
Total: 106.125100 ms (FindLiveObjects: 1.953100 ms CreateObjectMapping: 0.530800 ms MarkObjects: 103.578400 ms  DeleteObjects: 0.062000 ms)

Unloading 1 Unused Serialized files (Serialized files now loaded: 0)

Unloading 4 unused Assets to reduce memory usage. Loaded Objects now: 29669.
Total: 102.613500 ms (FindLiveObjects: 1.669700 ms CreateObjectMapping: 0.500300 ms MarkObjects: 100.394300 ms  DeleteObjects: 0.048700 ms)

Unloading 1 Unused Serialized files (Serialized files now loaded: 0)

Unloading 19 unused Assets to reduce memory usage. Loaded Objects now: 29676.
Total: 110.034600 ms (FindLiveObjects: 1.785000 ms CreateObjectMapping: 0.528100 ms MarkObjects: 107.653700 ms  DeleteObjects: 0.066800 ms)

Unloading 1 Unused Serialized files (Serialized files now loaded: 0)

Unloading 10 unused Assets to reduce memory usage. Loaded Objects now: 29672.
Total: 104.325000 ms (FindLiveObjects: 1.771800 ms CreateObjectMapping: 0.506000 ms MarkObjects: 101.988300 ms  DeleteObjects: 0.058100 ms)

Unloading 1 Unused Serialized files (Serialized files now loaded: 0)

Unloading 0 unused Assets to reduce memory usage. Loaded Objects now: 29687.
Total: 108.660000 ms (FindLiveObjects: 1.780300 ms CreateObjectMapping: 0.524000 ms MarkObjects: 106.325600 ms  DeleteObjects: 0.029400 ms)

Unloading 0 Unused Serialized files (Serialized files now loaded: 0)

Unloading 0 unused Assets to reduce memory usage. Loaded Objects now: 29687.
Total: 110.376100 ms (FindLiveObjects: 1.741100 ms CreateObjectMapping: 0.497200 ms MarkObjects: 108.103900 ms  DeleteObjects: 0.033200 ms)

Unloading 1 Unused Serialized files (Serialized files now loaded: 0)

Unloading 29 unused Assets to reduce memory usage. Loaded Objects now: 29703.
Total: 103.418300 ms (FindLiveObjects: 1.736100 ms CreateObjectMapping: 0.507500 ms MarkObjects: 101.090900 ms  DeleteObjects: 0.083100 ms)

Unloading 1 Unused Serialized files (Serialized files now loaded: 0)

Unloading 1 unused Assets to reduce memory usage. Loaded Objects now: 29698.
Total: 104.577000 ms (FindLiveObjects: 1.722600 ms CreateObjectMapping: 0.494000 ms MarkObjects: 102.319700 ms  DeleteObjects: 0.039800 ms)

Unloading 1 Unused Serialized files (Serialized files now loaded: 0)

Unloading 27 unused Assets to reduce memory usage. Loaded Objects now: 29696.
Total: 114.667600 ms (FindLiveObjects: 1.719600 ms CreateObjectMapping: 0.502900 ms MarkObjects: 112.380700 ms  DeleteObjects: 0.063700 ms)

Unloading 0 Unused Serialized files (Serialized files now loaded: 0)

Unloading 0 unused Assets to reduce memory usage. Loaded Objects now: 29687.
Total: 105.540500 ms (FindLiveObjects: 1.688900 ms CreateObjectMapping: 0.497100 ms MarkObjects: 103.325200 ms  DeleteObjects: 0.028700 ms)

Unloading 0 Unused Serialized files (Serialized files now loaded: 0)

Unloading 1 unused Assets to reduce memory usage. Loaded Objects now: 29679.
Total: 108.498600 ms (FindLiveObjects: 1.671700 ms CreateObjectMapping: 0.488800 ms MarkObjects: 106.281300 ms  DeleteObjects: 0.055900 ms)

Unloading 0 Unused Serialized files (Serialized files now loaded: 0)

Unloading 0 unused Assets to reduce memory usage. Loaded Objects now: 29679.
Total: 110.355200 ms (FindLiveObjects: 1.766300 ms CreateObjectMapping: 0.561200 ms MarkObjects: 107.983100 ms  DeleteObjects: 0.043600 ms)

Unloading 1 Unused Serialized files (Serialized files now loaded: 0)

Unloading 0 unused Assets to reduce memory usage. Loaded Objects now: 29702.
Total: 108.563600 ms (FindLiveObjects: 1.881500 ms CreateObjectMapping: 0.500900 ms MarkObjects: 106.129700 ms  DeleteObjects: 0.050700 ms)

Unloading 0 Unused Serialized files (Serialized files now loaded: 0)

Unloading 0 unused Assets to reduce memory usage. Loaded Objects now: 29701.
Total: 115.668000 ms (FindLiveObjects: 1.754900 ms CreateObjectMapping: 0.490700 ms MarkObjects: 113.370700 ms  DeleteObjects: 0.050900 ms)

Unloading 1 Unused Serialized files (Serialized files now loaded: 0)

Unloading 27 unused Assets to reduce memory usage. Loaded Objects now: 29703.
Total: 109.173100 ms (FindLiveObjects: 1.720700 ms CreateObjectMapping: 0.502700 ms MarkObjects: 106.884900 ms  DeleteObjects: 0.064000 ms)

Unloading 1 Unused Serialized files (Serialized files now loaded: 0)

Unloading 1 unused Assets to reduce memory usage. Loaded Objects now: 29698.
Total: 110.650900 ms (FindLiveObjects: 1.715800 ms CreateObjectMapping: 0.489000 ms MarkObjects: 108.407100 ms  DeleteObjects: 0.037800 ms)

Unloading 1 Unused Serialized files (Serialized files now loaded: 0)

Unloading 27 unused Assets to reduce memory usage. Loaded Objects now: 29696.
Total: 105.652200 ms (FindLiveObjects: 1.705300 ms CreateObjectMapping: 0.490500 ms MarkObjects: 103.386800 ms  DeleteObjects: 0.068900 ms)

Unloading 0 Unused Serialized files (Serialized files now loaded: 0)

Unloading 0 unused Assets to reduce memory usage. Loaded Objects now: 29687.
Total: 114.752900 ms (FindLiveObjects: 1.702200 ms CreateObjectMapping: 0.496800 ms MarkObjects: 112.506000 ms  DeleteObjects: 0.047000 ms)

Unloading 0 Unused Serialized files (Serialized files now loaded: 0)

Unloading 1 unused Assets to reduce memory usage. Loaded Objects now: 29679.
Total: 110.861700 ms (FindLiveObjects: 1.704200 ms CreateObjectMapping: 0.512600 ms MarkObjects: 108.590800 ms  DeleteObjects: 0.053100 ms)

Unloading 0 Unused Serialized files (Serialized files now loaded: 0)

Unloading 0 unused Assets to reduce memory usage. Loaded Objects now: 29679.
Total: 113.984000 ms (FindLiveObjects: 1.660000 ms CreateObjectMapping: 0.519700 ms MarkObjects: 111.751200 ms  DeleteObjects: 0.052100 ms)

C:\buildslave\unity\build\Modules/Audio/Public/sound/SoundChannel.cpp(341) : Error executing result (An invalid seek position was passed to this function. ) 
(Filename:  Line: 15)

Unloading 1 Unused Serialized files (Serialized files now loaded: 0)

Unloading 0 unused Assets to reduce memory usage. Loaded Objects now: 29718.
Total: 110.550300 ms (FindLiveObjects: 1.786300 ms CreateObjectMapping: 0.480100 ms MarkObjects: 108.252200 ms  DeleteObjects: 0.031100 ms)

Unloading 0 Unused Serialized files (Serialized files now loaded: 0)

Unloading 0 unused Assets to reduce memory usage. Loaded Objects now: 29718.
Total: 111.210500 ms (FindLiveObjects: 1.762600 ms CreateObjectMapping: 0.488800 ms MarkObjects: 108.921800 ms  DeleteObjects: 0.036500 ms)

Unloading 1 Unused Serialized files (Serialized files now loaded: 0)

Unloading 27 unused Assets to reduce memory usage. Loaded Objects now: 29719.
Total: 110.967000 ms (FindLiveObjects: 1.741800 ms CreateObjectMapping: 0.502700 ms MarkObjects: 108.658000 ms  DeleteObjects: 0.063800 ms)

Unloading 1 Unused Serialized files (Serialized files now loaded: 0)

Unloading 1 unused Assets to reduce memory usage. Loaded Objects now: 29714.
Total: 110.850900 ms (FindLiveObjects: 1.833500 ms CreateObjectMapping: 0.500400 ms MarkObjects: 108.458900 ms  DeleteObjects: 0.057300 ms)

Unloading 1 Unused Serialized files (Serialized files now loaded: 0)

Unloading 27 unused Assets to reduce memory usage. Loaded Objects now: 29712.
Total: 113.667600 ms (FindLiveObjects: 1.705600 ms CreateObjectMapping: 0.506800 ms MarkObjects: 111.388200 ms  DeleteObjects: 0.066300 ms)

Unloading 0 Unused Serialized files (Serialized files now loaded: 0)

Unloading 0 unused Assets to reduce memory usage. Loaded Objects now: 29703.
Total: 113.878500 ms (FindLiveObjects: 1.710800 ms CreateObjectMapping: 0.494200 ms MarkObjects: 111.638000 ms  DeleteObjects: 0.034600 ms)

Unloading 0 Unused Serialized files (Serialized files now loaded: 0)

Unloading 1 unused Assets to reduce memory usage. Loaded Objects now: 29695.
Total: 110.159400 ms (FindLiveObjects: 1.824200 ms CreateObjectMapping: 0.486900 ms MarkObjects: 107.798900 ms  DeleteObjects: 0.048700 ms)

Unloading 0 Unused Serialized files (Serialized files now loaded: 0)

Unloading 0 unused Assets to reduce memory usage. Loaded Objects now: 29695.
Total: 108.715600 ms (FindLiveObjects: 1.599000 ms CreateObjectMapping: 0.484900 ms MarkObjects: 106.602000 ms  DeleteObjects: 0.028700 ms)

Unloading 1 Unused Serialized files (Serialized files now loaded: 0)

Unloading 7 unused Assets to reduce memory usage. Loaded Objects now: 29404.
Total: 108.323500 ms (FindLiveObjects: 1.541600 ms CreateObjectMapping: 0.492000 ms MarkObjects: 106.119000 ms  DeleteObjects: 0.170000 ms)

Unloading 1 Unused Serialized files (Serialized files now loaded: 0)

Unloading 0 unused Assets to reduce memory usage. Loaded Objects now: 29404.
Total: 100.282100 ms (FindLiveObjects: 1.718200 ms CreateObjectMapping: 0.490400 ms MarkObjects: 98.043900 ms  DeleteObjects: 0.028700 ms)

Unloading 1 Unused Serialized files (Serialized files now loaded: 0)

Unloading 0 unused Assets to reduce memory usage. Loaded Objects now: 29403.
Total: 101.053900 ms (FindLiveObjects: 1.718600 ms CreateObjectMapping: 0.502100 ms MarkObjects: 98.804300 ms  DeleteObjects: 0.028300 ms)

Unloading 1 Unused Serialized files (Serialized files now loaded: 0)

Unloading 1 unused Assets to reduce memory usage. Loaded Objects now: 29416.
Total: 103.458800 ms (FindLiveObjects: 1.953900 ms CreateObjectMapping: 0.597000 ms MarkObjects: 100.865100 ms  DeleteObjects: 0.042200 ms)

Unloading 1 Unused Serialized files (Serialized files now loaded: 0)

Unloading 4 unused Assets to reduce memory usage. Loaded Objects now: 29679.
Total: 100.512000 ms (FindLiveObjects: 1.716700 ms CreateObjectMapping: 0.495600 ms MarkObjects: 98.252400 ms  DeleteObjects: 0.046600 ms)

Unloading 1 Unused Serialized files (Serialized files now loaded: 0)

Unloading 8 unused Assets to reduce memory usage. Loaded Objects now: 29404.
Total: 104.640000 ms (FindLiveObjects: 1.711900 ms CreateObjectMapping: 0.489100 ms MarkObjects: 102.321200 ms  DeleteObjects: 0.117100 ms)

Unloading 1 Unused Serialized files (Serialized files now loaded: 0)

Unloading 0 unused Assets to reduce memory usage. Loaded Objects now: 29404.
Total: 102.206500 ms (FindLiveObjects: 1.693500 ms CreateObjectMapping: 0.511800 ms MarkObjects: 99.970100 ms  DeleteObjects: 0.030400 ms)

Unloading 1 Unused Serialized files (Serialized files now loaded: 0)

Unloading 1 unused Assets to reduce memory usage. Loaded Objects now: 29402.
Total: 102.543800 ms (FindLiveObjects: 1.711300 ms CreateObjectMapping: 0.494400 ms MarkObjects: 100.296200 ms  DeleteObjects: 0.041000 ms)

Unloading 1 Unused Serialized files (Serialized files now loaded: 0)

Unloading 1 unused Assets to reduce memory usage. Loaded Objects now: 29415.
Total: 99.901600 ms (FindLiveObjects: 1.631000 ms CreateObjectMapping: 0.488600 ms MarkObjects: 97.737300 ms  DeleteObjects: 0.044000 ms)

Unloading 1 Unused Serialized files (Serialized files now loaded: 0)

Unloading 3 unused Assets to reduce memory usage. Loaded Objects now: 29674.
Total: 98.947700 ms (FindLiveObjects: 2.039900 ms CreateObjectMapping: 0.604800 ms MarkObjects: 96.257400 ms  DeleteObjects: 0.044500 ms)

Unloading 1 Unused Serialized files (Serialized files now loaded: 0)

Unloading 5 unused Assets to reduce memory usage. Loaded Objects now: 29402.
Total: 98.638500 ms (FindLiveObjects: 1.704000 ms CreateObjectMapping: 0.488200 ms MarkObjects: 96.342700 ms  DeleteObjects: 0.103000 ms)

Unloading 1 Unused Serialized files (Serialized files now loaded: 0)

Unloading 0 unused Assets to reduce memory usage. Loaded Objects now: 29402.
Total: 99.494900 ms (FindLiveObjects: 1.700900 ms CreateObjectMapping: 0.488800 ms MarkObjects: 97.268100 ms  DeleteObjects: 0.036400 ms)

Unloading 1 Unused Serialized files (Serialized files now loaded: 0)

Unloading 1 unused Assets to reduce memory usage. Loaded Objects now: 29400.
Total: 101.774900 ms (FindLiveObjects: 1.709200 ms CreateObjectMapping: 0.494100 ms MarkObjects: 99.528700 ms  DeleteObjects: 0.042300 ms)

Unloading 1 Unused Serialized files (Serialized files now loaded: 0)

Unloading 1 unused Assets to reduce memory usage. Loaded Objects now: 29414.
Total: 102.444400 ms (FindLiveObjects: 1.684500 ms CreateObjectMapping: 0.494700 ms MarkObjects: 100.211400 ms  DeleteObjects: 0.053000 ms)

Unloading 1 Unused Serialized files (Serialized files now loaded: 0)

Unloading 5 unused Assets to reduce memory usage. Loaded Objects now: 29677.
Total: 106.550700 ms (FindLiveObjects: 1.849000 ms CreateObjectMapping: 0.543200 ms MarkObjects: 104.107900 ms  DeleteObjects: 0.049800 ms)

Unloading 1 Unused Serialized files (Serialized files now loaded: 0)

Unloading 7 unused Assets to reduce memory usage. Loaded Objects now: 29402.
Total: 103.586300 ms (FindLiveObjects: 1.618300 ms CreateObjectMapping: 0.487200 ms MarkObjects: 101.382000 ms  DeleteObjects: 0.098000 ms)

Unloading 1 Unused Serialized files (Serialized files now loaded: 0)

Unloading 0 unused Assets to reduce memory usage. Loaded Objects now: 29402.
Total: 101.617400 ms (FindLiveObjects: 1.603800 ms CreateObjectMapping: 0.497700 ms MarkObjects: 99.465300 ms  DeleteObjects: 0.049700 ms)

Unloading 1 Unused Serialized files (Serialized files now loaded: 0)

Unloading 1 unused Assets to reduce memory usage. Loaded Objects now: 29400.
Total: 99.232500 ms (FindLiveObjects: 1.554600 ms CreateObjectMapping: 0.512700 ms MarkObjects: 97.123700 ms  DeleteObjects: 0.040800 ms)

Unloading 1 Unused Serialized files (Serialized files now loaded: 0)

Unloading 1 unused Assets to reduce memory usage. Loaded Objects now: 29413.
Total: 98.574300 ms (FindLiveObjects: 1.544300 ms CreateObjectMapping: 0.486600 ms MarkObjects: 96.491200 ms  DeleteObjects: 0.051500 ms)

Setting up 10 worker threads for Enlighten.
  Thread -> id: 7d10 -> priority: 1 
  Thread -> id: 7e74 -> priority: 1 
  Thread -> id: 8d50 -> priority: 1 
  Thread -> id: 764c -> priority: 1 
  Thread -> id: 8c44 -> priority: 1 
  Thread -> id: 15d8 -> priority: 1 
  Thread -> id: 81fc -> priority: 1 
  Thread -> id: 8fe8 -> priority: 1 
  Thread -> id: 357c -> priority: 1 
  Thread -> id: 3f4c -> priority: 1 
