Mono path[0] = 'D:/下載/compress/Maid.Harem.With.Futa/Maid.Harem.With.Futa/game/Maid Harem With Futa_Data/Managed'
Mono config path = 'D:/下載/compress/Maid.Harem.With.Futa/Maid.Harem.With.Futa/game/MonoBleedingEdge/etc'
Initialize engine version: 2019.4.31f1 (bd5abf232a62)
[Subsystems] Discovering subsystems at path D:/下載/compress/Maid.Harem.With.Futa/Maid.Harem.With.Futa/game/Maid Harem With Futa_Data/UnitySubsystems
GfxDevice: creating device client; threaded=1
Direct3D:
    Version:  Direct3D 11.0 [level 11.1]
    Renderer: NVIDIA GeForce GTX 1080 (ID=0x1b80)
    Vendor:   (null)
    VRAM:     3072 MB
    Driver:   32.0.15.6094
Begin MonoManager ReloadAssembly
- Completed reload, in  6.412 seconds
<RI> Initializing input.
<RI> Input initialized.
<RI> Initialized touch support.
UnloadTime: 0.849300 ms
The referenced script on this Behaviour (Game Object 'Image') is missing! 
(Filename:  Line: 334)

The referenced script on this Behaviour (Game Object 'SkipButton') is missing! 
(Filename:  Line: 334)

The referenced script on this Behaviour (Game Object 'Text') is missing! 
(Filename:  Line: 334)

The referenced script on this Behaviour (Game Object 'RestoreIAP') is missing! 
(Filename:  Line: 334)

The referenced script on this Behaviour (Game Object 'Text') is missing! 
(Filename:  Line: 334)

The referenced script on this Behaviour (Game Object 'Text') is missing! 
(Filename:  Line: 334)

The referenced script on this Behaviour (Game Object 'Asignment') is missing! 
(Filename:  Line: 334)

The referenced script on this Behaviour (Game Object 'GameOver') is missing! 
(Filename:  Line: 334)

The referenced script on this Behaviour (Game Object 'NoAds') is missing! 
(Filename:  Line: 334)

The referenced script on this Behaviour (Game Object 'RestartText') is missing! 
(Filename:  Line: 334)

The referenced script on this Behaviour (Game Object 'Text') is missing! 
(Filename:  Line: 334)

The referenced script on this Behaviour (Game Object 'Share') is missing! 
(Filename:  Line: 334)

The referenced script on this Behaviour (Game Object 'Image') is missing! 
(Filename:  Line: 334)

The referenced script on this Behaviour (Game Object 'Image') is missing! 
(Filename:  Line: 334)

The referenced script on this Behaviour (Game Object 'WatchAds') is missing! 
(Filename:  Line: 334)

The referenced script on this Behaviour (Game Object 'Buy') is missing! 
(Filename:  Line: 334)

The referenced script on this Behaviour (Game Object 'GameSelector') is missing! 
(Filename:  Line: 334)

The referenced script on this Behaviour (Game Object 'Image') is missing! 
(Filename:  Line: 334)

The referenced script on this Behaviour (Game Object 'Sfx') is missing! 
(Filename:  Line: 334)

The referenced script on this Behaviour (Game Object 'RestartButton') is missing! 
(Filename:  Line: 334)

The referenced script on this Behaviour (Game Object 'Text') is missing! 
(Filename:  Line: 334)

The referenced script on this Behaviour (Game Object 'Image') is missing! 
(Filename:  Line: 334)

The referenced script on this Behaviour (Game Object 'Label') is missing! 
(Filename:  Line: 334)

The referenced script on this Behaviour (Game Object 'Value') is missing! 
(Filename:  Line: 334)

The referenced script on this Behaviour (Game Object 'Ads') is missing! 
(Filename:  Line: 334)

The referenced script on this Behaviour (Game Object 'Play') is missing! 
(Filename:  Line: 334)

The referenced script on this Behaviour (Game Object 'Text') is missing! 
(Filename:  Line: 334)

The referenced script on this Behaviour (Game Object 'ThemeToggle') is missing! 
(Filename:  Line: 334)

The referenced script on this Behaviour (Game Object 'RestartButton') is missing! 
(Filename:  Line: 334)

The referenced script on this Behaviour (Game Object 'Text') is missing! 
(Filename:  Line: 334)

The referenced script on this Behaviour (Game Object 'Text') is missing! 
(Filename:  Line: 334)

The referenced script on this Behaviour (Game Object 'Image') is missing! 
(Filename:  Line: 334)

The referenced script on this Behaviour (Game Object 'Image') is missing! 
(Filename:  Line: 334)

The referenced script on this Behaviour (Game Object 'Close') is missing! 
(Filename:  Line: 334)

The referenced script on this Behaviour (Game Object 'Lock') is missing! 
(Filename:  Line: 334)

The referenced script on this Behaviour (Game Object 'WatchAds') is missing! 
(Filename:  Line: 334)

The referenced script on this Behaviour (Game Object 'BoostersPanel') is missing! 
(Filename:  Line: 334)

The referenced script on this Behaviour (Game Object 'MonetizeButton') is missing! 
(Filename:  Line: 334)

The referenced script on this Behaviour (Game Object 'GetCoins') is missing! 
(Filename:  Line: 334)

The referenced script on this Behaviour (Game Object 'Text') is missing! 
(Filename:  Line: 334)

The referenced script on this Behaviour (Game Object 'Text') is missing! 
(Filename:  Line: 334)

The referenced script on this Behaviour (Game Object 'Image') is missing! 
(Filename:  Line: 334)

The referenced script on this Behaviour (Game Object 'Prev') is missing! 
(Filename:  Line: 334)

The referenced script on this Behaviour (Game Object 'Text') is missing! 
(Filename:  Line: 334)

The referenced script on this Behaviour (Game Object 'Share') is missing! 
(Filename:  Line: 334)

The referenced script on this Behaviour (Game Object 'Rate') is missing! 
(Filename:  Line: 334)

The referenced script on this Behaviour (Game Object 'WatchAds') is missing! 
(Filename:  Line: 334)

The referenced script on this Behaviour (Game Object 'Buy') is missing! 
(Filename:  Line: 334)

The referenced script on this Behaviour (Game Object 'ThemePanel') is missing! 
(Filename:  Line: 334)

The referenced script on this Behaviour (Game Object 'Label') is missing! 
(Filename:  Line: 334)

The referenced script on this Behaviour (Game Object 'Text') is missing! 
(Filename:  Line: 334)

The referenced script on this Behaviour (Game Object 'Play') is missing! 
(Filename:  Line: 334)

The referenced script on this Behaviour (Game Object 'Price') is missing! 
(Filename:  Line: 334)

The referenced script on this Behaviour (Game Object 'Image') is missing! 
(Filename:  Line: 334)

The referenced script on this Behaviour (Game Object 'Sound') is missing! 
(Filename:  Line: 334)

The referenced script on this Behaviour (Game Object 'RestartButton') is missing! 
(Filename:  Line: 334)

The referenced script on this Behaviour (Game Object 'Description') is missing! 
(Filename:  Line: 334)

The referenced script on this Behaviour (Game Object 'Image') is missing! 
(Filename:  Line: 334)

The referenced script on this Behaviour (Game Object 'GetCoins') is missing! 
(Filename:  Line: 334)

The referenced script on this Behaviour (Game Object 'MonetizeButton') is missing! 
(Filename:  Line: 334)

The referenced script on this Behaviour (Game Object 'Value') is missing! 
(Filename:  Line: 334)

The referenced script on this Behaviour (Game Object 'Image') is missing! 
(Filename:  Line: 334)

The referenced script on this Behaviour (Game Object 'Lock') is missing! 
(Filename:  Line: 334)

The referenced script on this Behaviour (Game Object 'RestartButton (1)') is missing! 
(Filename:  Line: 334)

The referenced script on this Behaviour (Game Object 'Text') is missing! 
(Filename:  Line: 334)

The referenced script on this Behaviour (Game Object 'Value') is missing! 
(Filename:  Line: 334)

The referenced script on this Behaviour (Game Object 'Image') is missing! 
(Filename:  Line: 334)

The referenced script on this Behaviour (Game Object 'RestartButton') is missing! 
(Filename:  Line: 334)

The referenced script on this Behaviour (Game Object 'LastChanceText') is missing! 
(Filename:  Line: 334)

The referenced script on this Behaviour (Game Object 'Text') is missing! 
(Filename:  Line: 334)

The referenced script on this Behaviour (Game Object 'Text') is missing! 
(Filename:  Line: 334)

The referenced script on this Behaviour (Game Object 'Rate') is missing! 
(Filename:  Line: 334)

The referenced script on this Behaviour (Game Object 'OptionsPanel') is missing! 
(Filename:  Line: 334)

The referenced script on this Behaviour (Game Object 'RestartButton') is missing! 
(Filename:  Line: 334)

The referenced script on this Behaviour (Game Object 'RestartButton') is missing! 
(Filename:  Line: 334)

The referenced script on this Behaviour (Game Object 'Next') is missing! 
(Filename:  Line: 334)

The referenced script on this Behaviour (Game Object 'MonetizeButton') is missing! 
(Filename:  Line: 334)

The referenced script on this Behaviour (Game Object 'GetCoins') is missing! 
(Filename:  Line: 334)

The referenced script on this Behaviour (Game Object 'Image') is missing! 
(Filename:  Line: 334)

The referenced script on this Behaviour (Game Object 'Price') is missing! 
(Filename:  Line: 334)

The referenced script on this Behaviour (Game Object 'Image') is missing! 
(Filename:  Line: 334)

The referenced script on this Behaviour (Game Object 'Value') is missing! 
(Filename:  Line: 334)

The referenced script on this Behaviour (Game Object 'Ads') is missing! 
(Filename:  Line: 334)

The referenced script on this Behaviour (Game Object 'Image') is missing! 
(Filename:  Line: 334)

The referenced script on this Behaviour (Game Object 'Text') is missing! 
(Filename:  Line: 334)

The referenced script on this Behaviour (Game Object 'Buy') is missing! 
(Filename:  Line: 334)

The referenced script on this Behaviour (Game Object 'WatchAds') is missing! 
(Filename:  Line: 334)

The referenced script on this Behaviour (Game Object 'Text') is missing! 
(Filename:  Line: 334)

The referenced script on this Behaviour (Game Object 'Label') is missing! 
(Filename:  Line: 334)

The referenced script on this Behaviour (Game Object 'Count') is missing! 
(Filename:  Line: 334)

The referenced script on this Behaviour (Game Object 'OptionsToggle') is missing! 
(Filename:  Line: 334)

The referenced script on this Behaviour (Game Object 'Image') is missing! 
(Filename:  Line: 334)

DontDestroyOnLoad only works for root GameObjects or components on root GameObjects. 
(Filename:  Line: 606)

Unloading 5 Unused Serialized files (Serialized files now loaded: 0)

Unloading 104 unused Assets to reduce memory usage. Loaded Objects now: 18178.
Total: 64.410400 ms (FindLiveObjects: 1.080100 ms CreateObjectMapping: 0.445100 ms MarkObjects: 62.800400 ms  DeleteObjects: 0.083900 ms)

Unloading 1 Unused Serialized files (Serialized files now loaded: 0)

Unloading 0 unused Assets to reduce memory usage. Loaded Objects now: 18178.
Total: 59.456800 ms (FindLiveObjects: 0.989000 ms CreateObjectMapping: 0.365600 ms MarkObjects: 58.083500 ms  DeleteObjects: 0.018200 ms)

Unloading 1 Unused Serialized files (Serialized files now loaded: 0)

Unloading 1 unused Assets to reduce memory usage. Loaded Objects now: 18193.
Total: 59.483100 ms (FindLiveObjects: 0.938400 ms CreateObjectMapping: 0.365300 ms MarkObjects: 58.148400 ms  DeleteObjects: 0.030300 ms)

Unloading 1 Unused Serialized files (Serialized files now loaded: 0)

Unloading 4 unused Assets to reduce memory usage. Loaded Objects now: 26098.
Total: 89.052700 ms (FindLiveObjects: 1.494400 ms CreateObjectMapping: 0.757900 ms MarkObjects: 86.750500 ms  DeleteObjects: 0.049300 ms)

Unloading 1 Unused Serialized files (Serialized files now loaded: 0)

Unloading 6 unused Assets to reduce memory usage. Loaded Objects now: 26500.
Total: 91.643000 ms (FindLiveObjects: 1.633500 ms CreateObjectMapping: 0.482300 ms MarkObjects: 89.475100 ms  DeleteObjects: 0.051300 ms)

Unloading 1 Unused Serialized files (Serialized files now loaded: 0)

Unloading 18 unused Assets to reduce memory usage. Loaded Objects now: 26528.
Total: 88.999700 ms (FindLiveObjects: 1.482600 ms CreateObjectMapping: 0.483200 ms MarkObjects: 86.975400 ms  DeleteObjects: 0.057800 ms)

Unloading 1 Unused Serialized files (Serialized files now loaded: 0)

Unloading 7 unused Assets to reduce memory usage. Loaded Objects now: 26294.
Total: 88.463000 ms (FindLiveObjects: 1.637200 ms CreateObjectMapping: 0.487700 ms MarkObjects: 86.237600 ms  DeleteObjects: 0.099800 ms)

Unloading 1 Unused Serialized files (Serialized files now loaded: 0)

Unloading 0 unused Assets to reduce memory usage. Loaded Objects now: 26294.
Total: 91.441900 ms (FindLiveObjects: 1.428900 ms CreateObjectMapping: 0.495900 ms MarkObjects: 89.482800 ms  DeleteObjects: 0.033600 ms)

Unloading 1 Unused Serialized files (Serialized files now loaded: 0)

Unloading 1 unused Assets to reduce memory usage. Loaded Objects now: 26292.
Total: 86.253600 ms (FindLiveObjects: 1.505000 ms CreateObjectMapping: 0.488900 ms MarkObjects: 84.219700 ms  DeleteObjects: 0.039400 ms)

Unloading 1 Unused Serialized files (Serialized files now loaded: 0)

Unloading 1 unused Assets to reduce memory usage. Loaded Objects now: 26305.
Total: 84.838000 ms (FindLiveObjects: 1.468400 ms CreateObjectMapping: 0.479800 ms MarkObjects: 82.842400 ms  DeleteObjects: 0.046700 ms)

Unloading 1 Unused Serialized files (Serialized files now loaded: 0)

Unloading 3 unused Assets to reduce memory usage. Loaded Objects now: 26568.
Total: 89.689600 ms (FindLiveObjects: 1.435300 ms CreateObjectMapping: 0.499200 ms MarkObjects: 87.707000 ms  DeleteObjects: 0.047400 ms)

Unloading 1 Unused Serialized files (Serialized files now loaded: 0)

Unloading 12 unused Assets to reduce memory usage. Loaded Objects now: 27020.
Total: 90.431100 ms (FindLiveObjects: 1.469500 ms CreateObjectMapping: 0.503800 ms MarkObjects: 88.402100 ms  DeleteObjects: 0.054900 ms)

Unloading 1 Unused Serialized files (Serialized files now loaded: 0)

Unloading 17 unused Assets to reduce memory usage. Loaded Objects now: 27043.
Total: 93.397500 ms (FindLiveObjects: 1.655300 ms CreateObjectMapping: 0.529700 ms MarkObjects: 91.149000 ms  DeleteObjects: 0.062900 ms)

Unloading 1 Unused Serialized files (Serialized files now loaded: 0)

Unloading 1 unused Assets to reduce memory usage. Loaded Objects now: 27169.
Total: 93.833000 ms (FindLiveObjects: 1.603200 ms CreateObjectMapping: 0.488900 ms MarkObjects: 91.698300 ms  DeleteObjects: 0.041700 ms)

Unloading 1 Unused Serialized files (Serialized files now loaded: 0)

Unloading 18 unused Assets to reduce memory usage. Loaded Objects now: 27178.
Total: 97.803400 ms (FindLiveObjects: 1.545700 ms CreateObjectMapping: 0.513900 ms MarkObjects: 95.639400 ms  DeleteObjects: 0.103500 ms)

Unloading 1 Unused Serialized files (Serialized files now loaded: 0)

Unloading 5 unused Assets to reduce memory usage. Loaded Objects now: 27713.
Total: 93.499400 ms (FindLiveObjects: 1.607200 ms CreateObjectMapping: 0.510300 ms MarkObjects: 91.333600 ms  DeleteObjects: 0.047600 ms)

Unloading 1 Unused Serialized files (Serialized files now loaded: 0)

Unloading 18 unused Assets to reduce memory usage. Loaded Objects now: 27722.
Total: 94.398200 ms (FindLiveObjects: 1.860900 ms CreateObjectMapping: 0.545300 ms MarkObjects: 91.928400 ms  DeleteObjects: 0.062800 ms)

Unloading 1 Unused Serialized files (Serialized files now loaded: 0)

Unloading 0 unused Assets to reduce memory usage. Loaded Objects now: 27951.
Total: 91.320900 ms (FindLiveObjects: 1.630300 ms CreateObjectMapping: 0.495200 ms MarkObjects: 89.146600 ms  DeleteObjects: 0.048200 ms)

Unloading 1 Unused Serialized files (Serialized files now loaded: 0)

Unloading 17 unused Assets to reduce memory usage. Loaded Objects now: 27961.
Total: 94.817500 ms (FindLiveObjects: 1.598700 ms CreateObjectMapping: 0.520300 ms MarkObjects: 92.635200 ms  DeleteObjects: 0.062600 ms)

Unloading 1 Unused Serialized files (Serialized files now loaded: 0)

Unloading 1 unused Assets to reduce memory usage. Loaded Objects now: 28156.
Total: 93.590600 ms (FindLiveObjects: 1.649500 ms CreateObjectMapping: 0.505200 ms MarkObjects: 91.378800 ms  DeleteObjects: 0.056400 ms)

Unloading 1 Unused Serialized files (Serialized files now loaded: 0)

Unloading 17 unused Assets to reduce memory usage. Loaded Objects now: 28164.
Total: 94.109500 ms (FindLiveObjects: 1.628100 ms CreateObjectMapping: 0.496200 ms MarkObjects: 91.923000 ms  DeleteObjects: 0.061300 ms)

Unloading 1 Unused Serialized files (Serialized files now loaded: 0)

Unloading 4 unused Assets to reduce memory usage. Loaded Objects now: 28431.
Total: 95.989500 ms (FindLiveObjects: 1.626800 ms CreateObjectMapping: 0.498600 ms MarkObjects: 93.817900 ms  DeleteObjects: 0.045500 ms)

Unloading 1 Unused Serialized files (Serialized files now loaded: 0)

Unloading 19 unused Assets to reduce memory usage. Loaded Objects now: 28438.
Total: 95.200800 ms (FindLiveObjects: 1.653300 ms CreateObjectMapping: 0.525800 ms MarkObjects: 92.958000 ms  DeleteObjects: 0.062900 ms)

Unloading 1 Unused Serialized files (Serialized files now loaded: 0)

Unloading 10 unused Assets to reduce memory usage. Loaded Objects now: 29590.
Total: 101.713500 ms (FindLiveObjects: 1.710900 ms CreateObjectMapping: 0.498100 ms MarkObjects: 99.447500 ms  DeleteObjects: 0.056200 ms)

Unloading 1 Unused Serialized files (Serialized files now loaded: 0)

Unloading 4 unused Assets to reduce memory usage. Loaded Objects now: 29641.
Total: 100.608000 ms (FindLiveObjects: 1.701400 ms CreateObjectMapping: 0.501700 ms MarkObjects: 98.356000 ms  DeleteObjects: 0.048100 ms)

Unloading 1 Unused Serialized files (Serialized files now loaded: 0)

Unloading 18 unused Assets to reduce memory usage. Loaded Objects now: 29641.
Total: 111.005100 ms (FindLiveObjects: 1.960100 ms CreateObjectMapping: 0.486000 ms MarkObjects: 108.486600 ms  DeleteObjects: 0.071600 ms)

Unloading 1 Unused Serialized files (Serialized files now loaded: 0)

Unloading 19 unused Assets to reduce memory usage. Loaded Objects now: 29648.
Total: 107.207400 ms (FindLiveObjects: 1.708300 ms CreateObjectMapping: 0.503400 ms MarkObjects: 104.930400 ms  DeleteObjects: 0.064500 ms)

Unloading 1 Unused Serialized files (Serialized files now loaded: 0)

Unloading 7 unused Assets to reduce memory usage. Loaded Objects now: 29636.
Total: 111.705300 ms (FindLiveObjects: 1.734600 ms CreateObjectMapping: 0.479300 ms MarkObjects: 109.437400 ms  DeleteObjects: 0.053200 ms)

Unloading 1 Unused Serialized files (Serialized files now loaded: 0)

Unloading 18 unused Assets to reduce memory usage. Loaded Objects now: 29645.
Total: 107.200100 ms (FindLiveObjects: 1.730100 ms CreateObjectMapping: 0.494400 ms MarkObjects: 104.909000 ms  DeleteObjects: 0.065700 ms)

Unloading 1 Unused Serialized files (Serialized files now loaded: 0)

Unloading 5 unused Assets to reduce memory usage. Loaded Objects now: 29636.
Total: 107.737400 ms (FindLiveObjects: 1.761500 ms CreateObjectMapping: 0.508400 ms MarkObjects: 105.411600 ms  DeleteObjects: 0.055200 ms)

Unloading 1 Unused Serialized files (Serialized files now loaded: 0)

Unloading 18 unused Assets to reduce memory usage. Loaded Objects now: 29643.
Total: 107.299600 ms (FindLiveObjects: 1.725700 ms CreateObjectMapping: 0.507500 ms MarkObjects: 104.999300 ms  DeleteObjects: 0.066400 ms)

Unloading 1 Unused Serialized files (Serialized files now loaded: 0)

Unloading 5 unused Assets to reduce memory usage. Loaded Objects now: 29709.
Total: 112.441600 ms (FindLiveObjects: 1.830200 ms CreateObjectMapping: 0.487400 ms MarkObjects: 110.069300 ms  DeleteObjects: 0.054100 ms)

Unloading 1 Unused Serialized files (Serialized files now loaded: 0)

Unloading 15 unused Assets to reduce memory usage. Loaded Objects now: 29718.
Total: 114.468100 ms (FindLiveObjects: 1.971600 ms CreateObjectMapping: 0.510000 ms MarkObjects: 111.922200 ms  DeleteObjects: 0.063500 ms)

Unloading 1 Unused Serialized files (Serialized files now loaded: 0)

Unloading 2 unused Assets to reduce memory usage. Loaded Objects now: 29709.
Total: 108.094900 ms (FindLiveObjects: 2.069000 ms CreateObjectMapping: 0.480900 ms MarkObjects: 105.495400 ms  DeleteObjects: 0.048900 ms)

Unloading 1 Unused Serialized files (Serialized files now loaded: 0)

Unloading 17 unused Assets to reduce memory usage. Loaded Objects now: 29714.
Total: 106.840900 ms (FindLiveObjects: 1.687200 ms CreateObjectMapping: 0.514200 ms MarkObjects: 104.558300 ms  DeleteObjects: 0.080300 ms)

Failed to play SFX `Sfx/御姐No.30_喘ぎ声(大).mp3`: resource not found. 
(Filename: C:\buildslave\unity\build\Runtime/Export/Debug/Debug.bindings.h Line: 39)

Unloading 1 Unused Serialized files (Serialized files now loaded: 0)

Unloading 1 unused Assets to reduce memory usage. Loaded Objects now: 29703.
Total: 106.436400 ms (FindLiveObjects: 1.722600 ms CreateObjectMapping: 0.485400 ms MarkObjects: 104.188800 ms  DeleteObjects: 0.038800 ms)

Unloading 1 Unused Serialized files (Serialized files now loaded: 0)

Unloading 17 unused Assets to reduce memory usage. Loaded Objects now: 29706.
Total: 109.066200 ms (FindLiveObjects: 1.756400 ms CreateObjectMapping: 0.502700 ms MarkObjects: 106.724800 ms  DeleteObjects: 0.081600 ms)

Unloading 1 Unused Serialized files (Serialized files now loaded: 0)

Unloading 3 unused Assets to reduce memory usage. Loaded Objects now: 29704.
Total: 116.374500 ms (FindLiveObjects: 1.698300 ms CreateObjectMapping: 0.500600 ms MarkObjects: 114.127200 ms  DeleteObjects: 0.047700 ms)

Unloading 1 Unused Serialized files (Serialized files now loaded: 0)

Unloading 0 unused Assets to reduce memory usage. Loaded Objects now: 29714.
Total: 111.895200 ms (FindLiveObjects: 1.706700 ms CreateObjectMapping: 0.485300 ms MarkObjects: 109.651800 ms  DeleteObjects: 0.050600 ms)

Unloading 1 Unused Serialized files (Serialized files now loaded: 0)

Unloading 1 unused Assets to reduce memory usage. Loaded Objects now: 29705.
Total: 110.783400 ms (FindLiveObjects: 1.733000 ms CreateObjectMapping: 0.477700 ms MarkObjects: 108.515000 ms  DeleteObjects: 0.057000 ms)

Unloading 1 Unused Serialized files (Serialized files now loaded: 0)

Unloading 27 unused Assets to reduce memory usage. Loaded Objects now: 29724.
Total: 110.543000 ms (FindLiveObjects: 1.760700 ms CreateObjectMapping: 0.489100 ms MarkObjects: 108.226300 ms  DeleteObjects: 0.066300 ms)

Unloading 1 Unused Serialized files (Serialized files now loaded: 0)

Unloading 0 unused Assets to reduce memory usage. Loaded Objects now: 29724.
Total: 110.918900 ms (FindLiveObjects: 1.725600 ms CreateObjectMapping: 0.492900 ms MarkObjects: 108.666200 ms  DeleteObjects: 0.033400 ms)

Unloading 1 Unused Serialized files (Serialized files now loaded: 0)

Unloading 27 unused Assets to reduce memory usage. Loaded Objects now: 29726.
Total: 109.924600 ms (FindLiveObjects: 1.726900 ms CreateObjectMapping: 0.510400 ms MarkObjects: 107.614000 ms  DeleteObjects: 0.072600 ms)

Unloading 0 Unused Serialized files (Serialized files now loaded: 0)

Unloading 0 unused Assets to reduce memory usage. Loaded Objects now: 29722.
Total: 109.992100 ms (FindLiveObjects: 1.703100 ms CreateObjectMapping: 0.487500 ms MarkObjects: 107.770300 ms  DeleteObjects: 0.030600 ms)

Unloading 1 Unused Serialized files (Serialized files now loaded: 0)

Unloading 27 unused Assets to reduce memory usage. Loaded Objects now: 29724.
Total: 114.134600 ms (FindLiveObjects: 1.906600 ms CreateObjectMapping: 0.497700 ms MarkObjects: 111.664900 ms  DeleteObjects: 0.064500 ms)

Unloading 1 Unused Serialized files (Serialized files now loaded: 0)

Unloading 1 unused Assets to reduce memory usage. Loaded Objects now: 29719.
Total: 125.252600 ms (FindLiveObjects: 1.694000 ms CreateObjectMapping: 0.486300 ms MarkObjects: 123.020200 ms  DeleteObjects: 0.051400 ms)

Unloading 1 Unused Serialized files (Serialized files now loaded: 0)

Unloading 27 unused Assets to reduce memory usage. Loaded Objects now: 29717.
Total: 119.242300 ms (FindLiveObjects: 1.863600 ms CreateObjectMapping: 0.496500 ms MarkObjects: 116.814300 ms  DeleteObjects: 0.067100 ms)

Unloading 0 Unused Serialized files (Serialized files now loaded: 0)

Unloading 0 unused Assets to reduce memory usage. Loaded Objects now: 29703.
Total: 112.096900 ms (FindLiveObjects: 1.708900 ms CreateObjectMapping: 0.484600 ms MarkObjects: 109.850500 ms  DeleteObjects: 0.052200 ms)

Unloading 0 Unused Serialized files (Serialized files now loaded: 0)

Unloading 1 unused Assets to reduce memory usage. Loaded Objects now: 29695.
Total: 114.720800 ms (FindLiveObjects: 1.667500 ms CreateObjectMapping: 0.510100 ms MarkObjects: 112.473300 ms  DeleteObjects: 0.068900 ms)

Unloading 0 Unused Serialized files (Serialized files now loaded: 0)

Unloading 0 unused Assets to reduce memory usage. Loaded Objects now: 29695.
Total: 113.427000 ms (FindLiveObjects: 1.734400 ms CreateObjectMapping: 0.491100 ms MarkObjects: 111.169000 ms  DeleteObjects: 0.031700 ms)

Unloading 1 Unused Serialized files (Serialized files now loaded: 0)

Unloading 0 unused Assets to reduce memory usage. Loaded Objects now: 29718.
Total: 110.928700 ms (FindLiveObjects: 1.722300 ms CreateObjectMapping: 0.499200 ms MarkObjects: 108.675100 ms  DeleteObjects: 0.031500 ms)

Unloading 0 Unused Serialized files (Serialized files now loaded: 0)

Unloading 0 unused Assets to reduce memory usage. Loaded Objects now: 29718.
Total: 115.386700 ms (FindLiveObjects: 1.722700 ms CreateObjectMapping: 0.478700 ms MarkObjects: 113.146300 ms  DeleteObjects: 0.038200 ms)

Unloading 1 Unused Serialized files (Serialized files now loaded: 0)

Unloading 27 unused Assets to reduce memory usage. Loaded Objects now: 29719.
Total: 109.468200 ms (FindLiveObjects: 1.726500 ms CreateObjectMapping: 0.484800 ms MarkObjects: 107.193900 ms  DeleteObjects: 0.062000 ms)

Unloading 1 Unused Serialized files (Serialized files now loaded: 0)

Unloading 1 unused Assets to reduce memory usage. Loaded Objects now: 29714.
Total: 110.517100 ms (FindLiveObjects: 1.710500 ms CreateObjectMapping: 0.483900 ms MarkObjects: 108.283600 ms  DeleteObjects: 0.038200 ms)

Unloading 1 Unused Serialized files (Serialized files now loaded: 0)

Unloading 27 unused Assets to reduce memory usage. Loaded Objects now: 29712.
Total: 113.901800 ms (FindLiveObjects: 1.724800 ms CreateObjectMapping: 0.493500 ms MarkObjects: 111.616300 ms  DeleteObjects: 0.066500 ms)

Unloading 0 Unused Serialized files (Serialized files now loaded: 0)

Unloading 0 unused Assets to reduce memory usage. Loaded Objects now: 29703.
Total: 118.383700 ms (FindLiveObjects: 2.284200 ms CreateObjectMapping: 0.486100 ms MarkObjects: 115.577500 ms  DeleteObjects: 0.035400 ms)

Unloading 0 Unused Serialized files (Serialized files now loaded: 0)

Unloading 1 unused Assets to reduce memory usage. Loaded Objects now: 29695.
Total: 116.009500 ms (FindLiveObjects: 1.672600 ms CreateObjectMapping: 0.489100 ms MarkObjects: 113.796300 ms  DeleteObjects: 0.050700 ms)

Unloading 0 Unused Serialized files (Serialized files now loaded: 0)

Unloading 0 unused Assets to reduce memory usage. Loaded Objects now: 29695.
Total: 112.405000 ms (FindLiveObjects: 1.659400 ms CreateObjectMapping: 0.518800 ms MarkObjects: 110.194700 ms  DeleteObjects: 0.031200 ms)

Unloading 1 Unused Serialized files (Serialized files now loaded: 0)

Unloading 0 unused Assets to reduce memory usage. Loaded Objects now: 29716.
Total: 111.961600 ms (FindLiveObjects: 1.698200 ms CreateObjectMapping: 0.486200 ms MarkObjects: 109.746900 ms  DeleteObjects: 0.029500 ms)

Unloading 0 Unused Serialized files (Serialized files now loaded: 0)

Unloading 0 unused Assets to reduce memory usage. Loaded Objects now: 29717.
Total: 116.137900 ms (FindLiveObjects: 1.737400 ms CreateObjectMapping: 0.492300 ms MarkObjects: 113.876500 ms  DeleteObjects: 0.030900 ms)

Unloading 1 Unused Serialized files (Serialized files now loaded: 0)

Unloading 27 unused Assets to reduce memory usage. Loaded Objects now: 29718.
Total: 114.567900 ms (FindLiveObjects: 1.736000 ms CreateObjectMapping: 0.493600 ms MarkObjects: 112.273100 ms  DeleteObjects: 0.064500 ms)

Unloading 1 Unused Serialized files (Serialized files now loaded: 0)

Unloading 1 unused Assets to reduce memory usage. Loaded Objects now: 29714.
Total: 113.864800 ms (FindLiveObjects: 1.708200 ms CreateObjectMapping: 0.491300 ms MarkObjects: 111.625300 ms  DeleteObjects: 0.039200 ms)

Unloading 1 Unused Serialized files (Serialized files now loaded: 0)

Unloading 27 unused Assets to reduce memory usage. Loaded Objects now: 29712.
Total: 113.457600 ms (FindLiveObjects: 1.686100 ms CreateObjectMapping: 0.511500 ms MarkObjects: 111.187200 ms  DeleteObjects: 0.071900 ms)

Unloading 0 Unused Serialized files (Serialized files now loaded: 0)

Unloading 0 unused Assets to reduce memory usage. Loaded Objects now: 29703.
Total: 113.232900 ms (FindLiveObjects: 1.714700 ms CreateObjectMapping: 0.488400 ms MarkObjects: 110.998200 ms  DeleteObjects: 0.030900 ms)

Unloading 0 Unused Serialized files (Serialized files now loaded: 0)

Unloading 1 unused Assets to reduce memory usage. Loaded Objects now: 29695.
Total: 113.063400 ms (FindLiveObjects: 1.654300 ms CreateObjectMapping: 0.485700 ms MarkObjects: 110.859000 ms  DeleteObjects: 0.063700 ms)

Unloading 0 Unused Serialized files (Serialized files now loaded: 0)

Unloading 0 unused Assets to reduce memory usage. Loaded Objects now: 29695.
Total: 113.587300 ms (FindLiveObjects: 1.573900 ms CreateObjectMapping: 0.483500 ms MarkObjects: 111.493400 ms  DeleteObjects: 0.035900 ms)

Unloading 1 Unused Serialized files (Serialized files now loaded: 0)

Unloading 0 unused Assets to reduce memory usage. Loaded Objects now: 29718.
Total: 112.129000 ms (FindLiveObjects: 1.738700 ms CreateObjectMapping: 0.495600 ms MarkObjects: 109.864500 ms  DeleteObjects: 0.029400 ms)

Unloading 0 Unused Serialized files (Serialized files now loaded: 0)

Unloading 0 unused Assets to reduce memory usage. Loaded Objects now: 29718.
Total: 116.654400 ms (FindLiveObjects: 1.702900 ms CreateObjectMapping: 0.476800 ms MarkObjects: 114.423100 ms  DeleteObjects: 0.050900 ms)

Unloading 1 Unused Serialized files (Serialized files now loaded: 0)

Unloading 27 unused Assets to reduce memory usage. Loaded Objects now: 29719.
Total: 117.939800 ms (FindLiveObjects: 1.794600 ms CreateObjectMapping: 0.475600 ms MarkObjects: 115.604200 ms  DeleteObjects: 0.064800 ms)

Unloading 1 Unused Serialized files (Serialized files now loaded: 0)

Unloading 1 unused Assets to reduce memory usage. Loaded Objects now: 29714.
Total: 118.516500 ms (FindLiveObjects: 1.694900 ms CreateObjectMapping: 0.490800 ms MarkObjects: 116.290100 ms  DeleteObjects: 0.039900 ms)

Unloading 1 Unused Serialized files (Serialized files now loaded: 0)

Unloading 27 unused Assets to reduce memory usage. Loaded Objects now: 29712.
Total: 115.841500 ms (FindLiveObjects: 1.702900 ms CreateObjectMapping: 0.480600 ms MarkObjects: 113.592000 ms  DeleteObjects: 0.065200 ms)

Unloading 0 Unused Serialized files (Serialized files now loaded: 0)

Unloading 0 unused Assets to reduce memory usage. Loaded Objects now: 29703.
Total: 123.896600 ms (FindLiveObjects: 1.674900 ms CreateObjectMapping: 0.481200 ms MarkObjects: 121.707600 ms  DeleteObjects: 0.032000 ms)

Unloading 0 Unused Serialized files (Serialized files now loaded: 0)

Unloading 1 unused Assets to reduce memory usage. Loaded Objects now: 29695.
Total: 117.730900 ms (FindLiveObjects: 1.944900 ms CreateObjectMapping: 0.494700 ms MarkObjects: 115.239500 ms  DeleteObjects: 0.051100 ms)

Unloading 0 Unused Serialized files (Serialized files now loaded: 0)

Unloading 0 unused Assets to reduce memory usage. Loaded Objects now: 29695.
Total: 118.914300 ms (FindLiveObjects: 1.790900 ms CreateObjectMapping: 0.504700 ms MarkObjects: 116.586100 ms  DeleteObjects: 0.031600 ms)

Unloading 1 Unused Serialized files (Serialized files now loaded: 0)

Unloading 0 unused Assets to reduce memory usage. Loaded Objects now: 29718.
Total: 121.244900 ms (FindLiveObjects: 1.695600 ms CreateObjectMapping: 0.668700 ms MarkObjects: 118.844100 ms  DeleteObjects: 0.035500 ms)

Unloading 0 Unused Serialized files (Serialized files now loaded: 0)

Unloading 0 unused Assets to reduce memory usage. Loaded Objects now: 29718.
Total: 123.497000 ms (FindLiveObjects: 1.721000 ms CreateObjectMapping: 0.499400 ms MarkObjects: 121.241300 ms  DeleteObjects: 0.034500 ms)

Unloading 1 Unused Serialized files (Serialized files now loaded: 0)

Unloading 27 unused Assets to reduce memory usage. Loaded Objects now: 29719.
Total: 115.181800 ms (FindLiveObjects: 1.700100 ms CreateObjectMapping: 0.495600 ms MarkObjects: 112.920100 ms  DeleteObjects: 0.065300 ms)

Unloading 1 Unused Serialized files (Serialized files now loaded: 0)

Unloading 1 unused Assets to reduce memory usage. Loaded Objects now: 29714.
Total: 114.187800 ms (FindLiveObjects: 1.716700 ms CreateObjectMapping: 0.491600 ms MarkObjects: 111.939300 ms  DeleteObjects: 0.039500 ms)

Unloading 1 Unused Serialized files (Serialized files now loaded: 0)

Unloading 27 unused Assets to reduce memory usage. Loaded Objects now: 29712.
Total: 114.633000 ms (FindLiveObjects: 1.708900 ms CreateObjectMapping: 0.497200 ms MarkObjects: 112.362000 ms  DeleteObjects: 0.064300 ms)

Unloading 0 Unused Serialized files (Serialized files now loaded: 0)

Unloading 0 unused Assets to reduce memory usage. Loaded Objects now: 29703.
Total: 115.091700 ms (FindLiveObjects: 1.732800 ms CreateObjectMapping: 0.495500 ms MarkObjects: 112.832500 ms  DeleteObjects: 0.030200 ms)

Unloading 0 Unused Serialized files (Serialized files now loaded: 0)

Unloading 1 unused Assets to reduce memory usage. Loaded Objects now: 29695.
Total: 114.502600 ms (FindLiveObjects: 1.708400 ms CreateObjectMapping: 0.497200 ms MarkObjects: 112.231100 ms  DeleteObjects: 0.065200 ms)

Unloading 0 Unused Serialized files (Serialized files now loaded: 0)

Unloading 0 unused Assets to reduce memory usage. Loaded Objects now: 29695.
Total: 115.081500 ms (FindLiveObjects: 1.621900 ms CreateObjectMapping: 0.484200 ms MarkObjects: 112.942400 ms  DeleteObjects: 0.032200 ms)

Unloading 1 Unused Serialized files (Serialized files now loaded: 0)

Unloading 0 unused Assets to reduce memory usage. Loaded Objects now: 29717.
Total: 116.190600 ms (FindLiveObjects: 1.698600 ms CreateObjectMapping: 0.486400 ms MarkObjects: 113.953500 ms  DeleteObjects: 0.051400 ms)

Unloading 0 Unused Serialized files (Serialized files now loaded: 0)

Unloading 0 unused Assets to reduce memory usage. Loaded Objects now: 29718.
Total: 119.723500 ms (FindLiveObjects: 1.789000 ms CreateObjectMapping: 0.567200 ms MarkObjects: 117.333700 ms  DeleteObjects: 0.032700 ms)

Unloading 1 Unused Serialized files (Serialized files now loaded: 0)

Unloading 27 unused Assets to reduce memory usage. Loaded Objects now: 29719.
Total: 123.020200 ms (FindLiveObjects: 1.712700 ms CreateObjectMapping: 0.499300 ms MarkObjects: 120.741900 ms  DeleteObjects: 0.065600 ms)

Unloading 1 Unused Serialized files (Serialized files now loaded: 0)

Unloading 1 unused Assets to reduce memory usage. Loaded Objects now: 29714.
Total: 117.332400 ms (FindLiveObjects: 1.709600 ms CreateObjectMapping: 0.499700 ms MarkObjects: 115.082600 ms  DeleteObjects: 0.040000 ms)

Unloading 1 Unused Serialized files (Serialized files now loaded: 0)

Unloading 27 unused Assets to reduce memory usage. Loaded Objects now: 29712.
Total: 116.582900 ms (FindLiveObjects: 1.675900 ms CreateObjectMapping: 0.491500 ms MarkObjects: 114.351100 ms  DeleteObjects: 0.063700 ms)

Unloading 0 Unused Serialized files (Serialized files now loaded: 0)

Unloading 0 unused Assets to reduce memory usage. Loaded Objects now: 29703.
Total: 117.751400 ms (FindLiveObjects: 1.717600 ms CreateObjectMapping: 0.492300 ms MarkObjects: 115.503700 ms  DeleteObjects: 0.036800 ms)

Unloading 0 Unused Serialized files (Serialized files now loaded: 0)

Unloading 1 unused Assets to reduce memory usage. Loaded Objects now: 29695.
Total: 121.939800 ms (FindLiveObjects: 1.679200 ms CreateObjectMapping: 0.486700 ms MarkObjects: 119.719900 ms  DeleteObjects: 0.053100 ms)

Unloading 0 Unused Serialized files (Serialized files now loaded: 0)

Unloading 0 unused Assets to reduce memory usage. Loaded Objects now: 29695.
Total: 120.939500 ms (FindLiveObjects: 1.639200 ms CreateObjectMapping: 0.638900 ms MarkObjects: 118.627800 ms  DeleteObjects: 0.033000 ms)

Unloading 1 Unused Serialized files (Serialized files now loaded: 0)

Unloading 3 unused Assets to reduce memory usage. Loaded Objects now: 29701.
Total: 117.693600 ms (FindLiveObjects: 1.699500 ms CreateObjectMapping: 0.500100 ms MarkObjects: 115.442700 ms  DeleteObjects: 0.050600 ms)

Unloading 1 Unused Serialized files (Serialized files now loaded: 0)

Unloading 27 unused Assets to reduce memory usage. Loaded Objects now: 29697.
Total: 119.665300 ms (FindLiveObjects: 2.008900 ms CreateObjectMapping: 0.492600 ms MarkObjects: 117.086700 ms  DeleteObjects: 0.076300 ms)

Unloading 1 Unused Serialized files (Serialized files now loaded: 0)

Unloading 19 unused Assets to reduce memory usage. Loaded Objects now: 29690.
Total: 119.920600 ms (FindLiveObjects: 1.694700 ms CreateObjectMapping: 0.500700 ms MarkObjects: 117.641300 ms  DeleteObjects: 0.083200 ms)

Unloading 1 Unused Serialized files (Serialized files now loaded: 0)

Unloading 5 unused Assets to reduce memory usage. Loaded Objects now: 29697.
Total: 118.859200 ms (FindLiveObjects: 1.699700 ms CreateObjectMapping: 0.490000 ms MarkObjects: 116.614100 ms  DeleteObjects: 0.054600 ms)

Unloading 1 Unused Serialized files (Serialized files now loaded: 0)

Unloading 18 unused Assets to reduce memory usage. Loaded Objects now: 29709.
Total: 121.095500 ms (FindLiveObjects: 1.704300 ms CreateObjectMapping: 0.488700 ms MarkObjects: 118.833100 ms  DeleteObjects: 0.068700 ms)

Unloading 1 Unused Serialized files (Serialized files now loaded: 0)

Unloading 0 unused Assets to reduce memory usage. Loaded Objects now: 29697.
Total: 125.732800 ms (FindLiveObjects: 1.660100 ms CreateObjectMapping: 0.514900 ms MarkObjects: 123.524700 ms  DeleteObjects: 0.032500 ms)

Unloading 1 Unused Serialized files (Serialized files now loaded: 0)

Unloading 17 unused Assets to reduce memory usage. Loaded Objects now: 29709.
Total: 117.670600 ms (FindLiveObjects: 1.687300 ms CreateObjectMapping: 0.528900 ms MarkObjects: 115.386900 ms  DeleteObjects: 0.066800 ms)

Unloading 0 Unused Serialized files (Serialized files now loaded: 0)

Unloading 0 unused Assets to reduce memory usage. Loaded Objects now: 29698.
Total: 122.483200 ms (FindLiveObjects: 1.709500 ms CreateObjectMapping: 0.487600 ms MarkObjects: 120.253800 ms  DeleteObjects: 0.031700 ms)

Unloading 1 Unused Serialized files (Serialized files now loaded: 0)

Unloading 17 unused Assets to reduce memory usage. Loaded Objects now: 29707.
Total: 118.069800 ms (FindLiveObjects: 1.698500 ms CreateObjectMapping: 0.499900 ms MarkObjects: 115.805000 ms  DeleteObjects: 0.065300 ms)

Unloading 1 Unused Serialized files (Serialized files now loaded: 0)

Unloading 2 unused Assets to reduce memory usage. Loaded Objects now: 29698.
Total: 127.345200 ms (FindLiveObjects: 1.695000 ms CreateObjectMapping: 0.500400 ms MarkObjects: 125.102100 ms  DeleteObjects: 0.047200 ms)

Unloading 1 Unused Serialized files (Serialized files now loaded: 0)

Unloading 18 unused Assets to reduce memory usage. Loaded Objects now: 29706.
Total: 124.156200 ms (FindLiveObjects: 1.676400 ms CreateObjectMapping: 0.490400 ms MarkObjects: 121.919800 ms  DeleteObjects: 0.068600 ms)

Unloading 1 Unused Serialized files (Serialized files now loaded: 0)

Unloading 1 unused Assets to reduce memory usage. Loaded Objects now: 29697.
Total: 118.366500 ms (FindLiveObjects: 1.796900 ms CreateObjectMapping: 0.584600 ms MarkObjects: 115.928200 ms  DeleteObjects: 0.056000 ms)

Setting up 10 worker threads for Enlighten.
  Thread -> id: 8d6c -> priority: 1 
  Thread -> id: 7f08 -> priority: 1 
  Thread -> id: 4190 -> priority: 1 
  Thread -> id: 5bfc -> priority: 1 
  Thread -> id: 1ac8 -> priority: 1 
  Thread -> id: 63e8 -> priority: 1 
  Thread -> id: 8554 -> priority: 1 
  Thread -> id: 2c9c -> priority: 1 
  Thread -> id: 62c0 -> priority: 1 
  Thread -> id: 7e50 -> priority: 1 
